<?xml version="1.0" encoding="UTF-8"?>
<!-- Generated by org.testng.reporters.JUnitReportReporter -->
<testsuite hostname="HUMAIR" failures="0" tests="1" name="testNGLearning.SampleTextFile" time="0.032" errors="0" timestamp="2024-07-28T16:47:51 CDT" skipped="0">
  <testcase classname="testNGLearning.SampleTextFile" name="writeAndRead" time="0.032"/>
  <system-out/>
</testsuite> <!-- testNGLearning.SampleTextFile -->
