<?xml version="1.0" encoding="UTF-8"?>
<!-- Generated by org.testng.reporters.JUnitReportReporter -->
<testsuite hostname="HUMAIR" failures="0" tests="3" name="testNGLearning.CompareWebTable" time="25.910" errors="0" timestamp="2024-07-30T10:53:22 CDT" skipped="0">
  <testcase classname="testNGLearning.CompareWebTable" name="readDataFrmWebTbl" time="25.897"/>
  <system-out/>
  <testcase classname="testNGLearning.CompareWebTable" name="readFrmTxtFile" time="0.007"/>
  <system-out/>
  <testcase classname="testNGLearning.CompareWebTable" name="compareData" time="0.006"/>
  <system-out>
    <![CDATA[Item Matched...
Item Matched...
Item Matched...
Item Matched...
Item Matched...
Item Matched...
Item Matched...
Item Matched...
Item Matched...
Item Matched...
Item Matched...
Item Matched...
Item Matched...
Item Matched...
Item Matched...
Item Matched...
Item Matched...
Item Matched...]]>
  </system-out>
</testsuite> <!-- testNGLearning.CompareWebTable -->
