<?xml version="1.0" encoding="UTF-8"?>
<!-- Generated by org.testng.reporters.JUnitReportReporter -->
<testsuite hostname="HUMAIR" failures="0" tests="1" name="testNGLearning.ReadFromWebTable" time="62.782" errors="0" timestamp="2024-07-30T10:52:07 CDT" skipped="0">
  <testcase classname="testNGLearning.ReadFromWebTable" name="readFrmTable" time="62.782"/>
  <system-out/>
</testsuite> <!-- testNGLearning.ReadFromWebTable -->
