<?xml version="1.0" encoding="UTF-8"?>
<!-- Generated by org.testng.reporters.JUnitReportReporter -->
<testsuite hostname="HUMAIR" failures="0" tests="1" name="testNGLearning.ThruTextFile" time="0.033" errors="0" timestamp="2024-07-23T18:25:24 CDT" skipped="0">
  <testcase classname="testNGLearning.ThruTextFile" name="writeAndReadData" time="0.033"/>
  <system-out/>
</testsuite> <!-- testNGLearning.ThruTextFile -->
